#
# A fatal error has been detected by the Java Runtime Environment:
#
#  SIGSEGV (0xb) at pc=0x000000010b646d7c, pid=9052, tid=14343
#
# JRE version: Java(TM) SE Runtime Environment (8.0_73-b02) (build 1.8.0_73-b02)
# Java VM: Java HotSpot(TM) 64-Bit Server VM (25.73-b02 mixed mode bsd-amd64 compressed oops)
# Problematic frame:
# V  [libjvm.dylib+0x446d7c]
#
# Failed to write core dump. Core dumps have been disabled. To enable core dumping, try "ulimit -c unlimited" before starting Java again
#
# If you would like to submit a bug report, please visit:
#   http://bugreport.java.com/bugreport/crash.jsp
#

---------------  T H R E A D  ---------------

Current thread (0x00007fe61801f000):  JavaThread "JDWP Transport Listener: dt_socket" daemon [_thread_in_vm, id=14343, stack(0x0000700001800000,0x0000700001900000)]

siginfo: si_signo: 11 (SIGSEGV), si_code: 0 (unknown), si_addr: 0x0000000000000000

Registers:
RAX=0x0000000000000001, RBX=0x00007000018ffaab, RCX=0x000000010ba15340, RDX=0x00007000018ffaab
RSP=0x00007000018ff9f0, RBP=0x00007000018ffa00, RSI=0x00007fe61801f000, RDI=0x746e6f4372657355
R8 =0x0000000000000000, R9 =0x00007fe617c7e4c0, R10=0x0000000000000001, R11=0x0000000000000001
R12=0x00007fe61801f000, R13=0x746e6f4372657355, R14=0x746e6f4372657355, R15=0x00007fe617f07410
RIP=0x000000010b646d7c, EFLAGS=0x0000000000010206, ERR=0x0000000000000000
  TRAPNO=0x000000000000000d

Top of Stack: (sp=0x00007000018ff9f0)
0x00007000018ff9f0:   00007000018ffaab 00007000018ffaab
0x00007000018ffa00:   00007000018ffa60 000000010b555dda
0x00007000018ffa10:   00007fe61801f000 0000000000000000
0x00007000018ffa20:   0000000000000000 0000000000000000
0x00007000018ffa30:   00007fe61801f000 00007fe61801f000
0x00007000018ffa40:   00007000018ffaab 00007000018ffab0
0x00007000018ffa50:   746e6f4372657355 0000000000000004
0x00007000018ffa60:   00007000018ffa80 000000010a8b3780
0x00007000018ffa70:   0000000000000001 00007000018ffb28
0x00007000018ffa80:   00007000018ffaf0 000000010a8981f3
0x00007000018ffa90:   00007000018ffac0 00007fe617c7e490
0x00007000018ffaa0:   0000000500000032 00000001008ffb28
0x00007000018ffab0:   0000000000000000 0000000000000000
0x00007000018ffac0:   0000000000000000 00007000018ffcb0
0x00007000018ffad0:   000000010a8bae7a 00007fe61a0d7010
0x00007000018ffae0:   00007000018ffb28 000000010a8c6598
0x00007000018ffaf0:   00007000018ffb00 000000010a8982ec
0x00007000018ffb00:   00007000018ffd20 000000010a8a1898
0x00007000018ffb10:   00001db700000013 00000000000f0200
0x00007000018ffb20:   00007fe61a0508e0 00007fe61a702de8
0x00007000018ffb30:   0000000000000230 00007fe61a702d00
0x00007000018ffb40:   000000000000012c 00007000018ffb78
0x00007000018ffb50:   00007fe61a702d00 00007f0000000000
0x00007000018ffb60:   00001db70000001c 00007fe600001e80
0x00007000018ffb70:   00007000018ffb78 e67f000005000000
0x00007000018ffb80:   06000000c0b03f1a 00003e74696e693c
0x00007000018ffb90:   0000005629280300 7f00000100000000
0x00007000018ffba0:   000000e8b03f1ae6 6c6c41646e696607
0x00007000018ffbb0:   6a4c292812000000 6c6974752f617661
0x00007000018ffbc0:   00003b7473694c2f 76616a4c29283600
0x00007000018ffbd0:   4c2f6c6974752f61 6d6f634c3c747369
0x00007000018ffbe0:   687475612f706a2f 2f65636976726573 

Instructions: (pc=0x000000010b646d7c)
0x000000010b646d5c:   40 48 48 85 c0 75 e0 30 c0 0f b6 c0 5d c3 31 c0
0x000000010b646d6c:   5d c3 55 48 89 e5 53 48 83 ec 08 48 85 ff 74 24
0x000000010b646d7c:   48 8b 1f 48 85 db 74 1c 48 83 fb 37 74 16 48 8b
0x000000010b646d8c:   03 48 89 df ff 50 10 84 c0 b8 00 00 00 00 48 0f 

Register to memory mapping:

RAX=0x0000000000000001 is an unknown value
RBX=0x00007000018ffaab is pointing into the stack for thread: 0x00007fe61801f000
RCX=0x000000010ba15340: UseMembar+0 in /Library/Java/JavaVirtualMachines/jdk1.8.0_73.jdk/Contents/Home/jre/lib/server/libjvm.dylib at 0x000000010b200000
RDX=0x00007000018ffaab is pointing into the stack for thread: 0x00007fe61801f000
RSP=0x00007000018ff9f0 is pointing into the stack for thread: 0x00007fe61801f000
RBP=0x00007000018ffa00 is pointing into the stack for thread: 0x00007fe61801f000
RSI=0x00007fe61801f000 is a thread
RDI=0x746e6f4372657355 is an unknown value
R8 =0x0000000000000000 is an unknown value
R9 =0x00007fe617c7e4c0 is an unknown value
R10=0x0000000000000001 is an unknown value
R11=0x0000000000000001 is an unknown value
R12=0x00007fe61801f000 is a thread
R13=0x746e6f4372657355 is an unknown value
R14=0x746e6f4372657355 is an unknown value
R15=0x00007fe617f07410 is an unknown value


Stack: [0x0000700001800000,0x0000700001900000],  sp=0x00007000018ff9f0,  free space=1022k
Native frames: (J=compiled Java code, j=interpreted, Vv=VM code, C=native code)
V  [libjvm.dylib+0x446d7c]
V  [libjvm.dylib+0x355dda]
C  [libjdwp.dylib+0x20780]  isMethodSynthetic+0x63
C  [libjdwp.dylib+0x51f3]  methods1+0x10b
C  [libjdwp.dylib+0x52ec]  methodsWithGeneric+0xe
C  [libjdwp.dylib+0xe898]  debugLoop_run+0x1ce
C  [libjdwp.dylib+0x1f6ba]  attachThread+0x4d
V  [libjvm.dylib+0x397138]
V  [libjvm.dylib+0x561753]
V  [libjvm.dylib+0x562e4e]
V  [libjvm.dylib+0x4838a2]
C  [libsystem_pthread.dylib+0x3305]  _pthread_body+0x7e
C  [libsystem_pthread.dylib+0x626f]  _pthread_start+0x46
C  [libsystem_pthread.dylib+0x2415]  thread_start+0xd
C  0x0000000000000000


---------------  P R O C E S S  ---------------

Java Threads: ( => current thread )
  0x00007fe61caba000 JavaThread "DestroyJavaVM" [_thread_blocked, id=10243, stack(0x0000700000ee5000,0x0000700000fe5000)]
  0x00007fe61bcc1000 JavaThread "http-nio-8080-AsyncTimeout" daemon [_thread_blocked, id=39427, stack(0x000070000324e000,0x000070000334e000)]
  0x00007fe61cac8000 JavaThread "http-nio-8080-Acceptor-0" daemon [_thread_in_native, id=25603, stack(0x000070000314b000,0x000070000324b000)]
  0x00007fe61bcc0000 JavaThread "http-nio-8080-ClientPoller-1" daemon [_thread_in_native, id=40195, stack(0x0000700003048000,0x0000700003148000)]
  0x00007fe61c4d7000 JavaThread "http-nio-8080-ClientPoller-0" daemon [_thread_in_native, id=25347, stack(0x0000700002f45000,0x0000700003045000)]
  0x00007fe61d1d0000 JavaThread "http-nio-8080-exec-10" daemon [_thread_blocked, id=40963, stack(0x0000700002e42000,0x0000700002f42000)]
  0x00007fe61c4d4000 JavaThread "http-nio-8080-exec-9" daemon [_thread_blocked, id=24835, stack(0x0000700002d3f000,0x0000700002e3f000)]
  0x00007fe61cac7000 JavaThread "http-nio-8080-exec-8" daemon [_thread_blocked, id=24323, stack(0x0000700002c3c000,0x0000700002d3c000)]
  0x00007fe61c9cf000 JavaThread "http-nio-8080-exec-7" daemon [_thread_blocked, id=23811, stack(0x0000700002b39000,0x0000700002c39000)]
  0x00007fe61c4d3800 JavaThread "http-nio-8080-exec-6" daemon [_thread_blocked, id=23555, stack(0x0000700002a36000,0x0000700002b36000)]
  0x00007fe61c4d2800 JavaThread "http-nio-8080-exec-5" daemon [_thread_blocked, id=23299, stack(0x0000700002933000,0x0000700002a33000)]
  0x00007fe61c4d2000 JavaThread "http-nio-8080-exec-4" daemon [_thread_blocked, id=22787, stack(0x0000700002830000,0x0000700002930000)]
  0x00007fe61c9ce000 JavaThread "http-nio-8080-exec-3" daemon [_thread_blocked, id=22531, stack(0x000070000272d000,0x000070000282d000)]
  0x00007fe61c4d1000 JavaThread "http-nio-8080-exec-2" daemon [_thread_blocked, id=41987, stack(0x000070000262a000,0x000070000272a000)]
  0x00007fe61d33d000 JavaThread "http-nio-8080-exec-1" daemon [_thread_blocked, id=42499, stack(0x0000700002527000,0x0000700002627000)]
  0x00007fe61d0cf000 JavaThread "NioBlockingSelector.BlockPoller-1" daemon [_thread_in_native, id=43011, stack(0x0000700002424000,0x0000700002524000)]
  0x00007fe61b88d800 JavaThread "CleanCursors-1-thread-1" daemon [_thread_blocked, id=22019, stack(0x0000700002321000,0x0000700002421000)]
  0x00007fe61d20b000 JavaThread "cluster-ClusterId{value='5c3b6ea3990050235c1fc764', description='null'}-localhost:27017" daemon [_thread_blocked, id=15879, stack(0x000070000221e000,0x000070000231e000)]
  0x00007fe61c19d800 JavaThread "container-0" [_thread_blocked, id=16135, stack(0x000070000211b000,0x000070000221b000)]
  0x00007fe61c8f9000 JavaThread "ContainerBackgroundProcessor[StandardEngine[Tomcat]]" daemon [_thread_blocked, id=13067, stack(0x0000700002018000,0x0000700002118000)]
  0x00007fe61982c000 JavaThread "Service Thread" daemon [_thread_blocked, id=16899, stack(0x0000700001e12000,0x0000700001f12000)]
  0x00007fe618041000 JavaThread "C1 CompilerThread2" daemon [_thread_blocked, id=17411, stack(0x0000700001d0f000,0x0000700001e0f000)]
  0x00007fe61803e000 JavaThread "C2 CompilerThread1" daemon [_thread_blocked, id=17667, stack(0x0000700001c0c000,0x0000700001d0c000)]
  0x00007fe618830800 JavaThread "C2 CompilerThread0" daemon [_thread_blocked, id=18179, stack(0x0000700001b09000,0x0000700001c09000)]
  0x00007fe61803c000 JavaThread "JDWP Command Reader" daemon [_thread_in_native, id=14595, stack(0x0000700001a06000,0x0000700001b06000)]
  0x00007fe619817800 JavaThread "JDWP Event Helper Thread" daemon [_thread_blocked, id=18947, stack(0x0000700001903000,0x0000700001a03000)]
=>0x00007fe61801f000 JavaThread "JDWP Transport Listener: dt_socket" daemon [_thread_in_vm, id=14343, stack(0x0000700001800000,0x0000700001900000)]
  0x00007fe619016000 JavaThread "Signal Dispatcher" daemon [_thread_blocked, id=14083, stack(0x00007000016fd000,0x00007000017fd000)]
  0x00007fe618031000 JavaThread "Finalizer" daemon [_thread_blocked, id=20739, stack(0x00007000015fa000,0x00007000016fa000)]
  0x00007fe619812000 JavaThread "Reference Handler" daemon [_thread_blocked, id=11779, stack(0x00007000014f7000,0x00007000015f7000)]

Other Threads:
  0x00007fe61802e800 VMThread [stack: 0x00007000013f4000,0x00007000014f4000] [id=11267]
  0x00007fe618831800 WatcherThread [stack: 0x0000700001f15000,0x0000700002015000] [id=15107]

VM state:not at safepoint (normal execution)

VM Mutex/Monitor currently owned by a thread: None

Heap:
 PSYoungGen      total 114176K, used 97101K [0x0000000795580000, 0x000000079d880000, 0x00000007c0000000)
  eden space 103936K, 93% used [0x0000000795580000,0x000000079b4535a8,0x000000079bb00000)
  from space 10240K, 0% used [0x000000079c880000,0x000000079c880000,0x000000079d280000)
  to   space 13824K, 0% used [0x000000079bb00000,0x000000079bb00000,0x000000079c880000)
 ParOldGen       total 91648K, used 17797K [0x0000000740000000, 0x0000000745980000, 0x0000000795580000)
  object space 91648K, 19% used [0x0000000740000000,0x0000000741161480,0x0000000745980000)
 Metaspace       used 43285K, capacity 45680K, committed 45824K, reserved 1089536K
  class space    used 5666K, capacity 6083K, committed 6144K, reserved 1048576K

Card table byte_map: [0x000000010c54d000,0x000000010c94e000] byte_map_base: 0x0000000108b4d000

Marking Bits: (ParMarkBitMap*) 0x000000010bae3ea0
 Begin Bits: [0x000000011f370000, 0x0000000121370000)
 End Bits:   [0x0000000121370000, 0x0000000123370000)

Polling page: 0x000000010a892000

CodeCache: size=245760Kb used=11966Kb max_used=12254Kb free=233793Kb
 bounds [0x0000000110370000, 0x0000000110f90000, 0x000000011f370000]
 total_blobs=3873 nmethods=3434 adapters=360
 compilation: enabled

Compilation events (10 events):
Event: 197.868 Thread 0x00007fe618041000 4004       3       org.apache.tomcat.util.net.NioEndpoint::access$300 (5 bytes)
Event: 197.868 Thread 0x00007fe618041000 nmethod 4004 0x0000000110717dd0 code [0x0000000110717f20, 0x0000000110718050]
Event: 205.892 Thread 0x00007fe618830800 4005       4       java.util.Collections$UnmodifiableCollection$1::hasNext (10 bytes)
Event: 205.893 Thread 0x00007fe618830800 nmethod 4005 0x0000000110eb09d0 code [0x0000000110eb0b20, 0x0000000110eb0bb8]
Event: 206.171 Thread 0x00007fe618041000 4007       3       org.bson.BsonBinaryReader::getContext (5 bytes)
Event: 206.172 Thread 0x00007fe618041000 nmethod 4007 0x000000011069f090 code [0x000000011069f200, 0x000000011069f4d0]
Event: 206.172 Thread 0x00007fe618041000 4008       3       com.mongodb.internal.connection.ConcurrentLinkedDeque$Node::getNext (8 bytes)
Event: 206.172 Thread 0x00007fe618041000 nmethod 4008 0x000000011069eb90 code [0x000000011069ed00, 0x000000011069efd0]
Event: 206.172 Thread 0x00007fe618041000 4006       1       org.bson.AbstractBsonReader$Context::getParentContext (5 bytes)
Event: 206.172 Thread 0x00007fe618041000 nmethod 4006 0x0000000110b1a390 code [0x0000000110b1a4e0, 0x0000000110b1a5f0]

GC Heap History (10 events):
Event: 2.742 GC heap before
{Heap before GC invocations=4 (full 0):
 PSYoungGen      total 38400K, used 17146K [0x0000000795580000, 0x000000079a080000, 0x00000007c0000000)
  eden space 33280K, 36% used [0x0000000795580000,0x0000000796144570,0x0000000797600000)
  from space 5120K, 99% used [0x0000000797600000,0x0000000797afa368,0x0000000797b00000)
  to   space 5120K, 0% used [0x0000000799b80000,0x0000000799b80000,0x000000079a080000)
 ParOldGen       total 87552K, used 4877K [0x0000000740000000, 0x0000000745580000, 0x0000000795580000)
  object space 87552K, 5% used [0x0000000740000000,0x00000007404c3590,0x0000000745580000)
 Metaspace       used 20698K, capacity 21158K, committed 21248K, reserved 1067008K
  class space    used 2640K, capacity 2790K, committed 2816K, reserved 1048576K
Event: 2.753 GC heap after
Heap after GC invocations=4 (full 0):
 PSYoungGen      total 71680K, used 5108K [0x0000000795580000, 0x000000079a080000, 0x00000007c0000000)
  eden space 66560K, 0% used [0x0000000795580000,0x0000000795580000,0x0000000799680000)
  from space 5120K, 99% used [0x0000000799b80000,0x000000079a07d200,0x000000079a080000)
  to   space 5120K, 0% used [0x0000000799680000,0x0000000799680000,0x0000000799b80000)
 ParOldGen       total 87552K, used 5454K [0x0000000740000000, 0x0000000745580000, 0x0000000795580000)
  object space 87552K, 6% used [0x0000000740000000,0x00000007405538c8,0x0000000745580000)
 Metaspace       used 20698K, capacity 21158K, committed 21248K, reserved 1067008K
  class space    used 2640K, capacity 2790K, committed 2816K, reserved 1048576K
}
Event: 2.753 GC heap before
{Heap before GC invocations=5 (full 1):
 PSYoungGen      total 71680K, used 5108K [0x0000000795580000, 0x000000079a080000, 0x00000007c0000000)
  eden space 66560K, 0% used [0x0000000795580000,0x0000000795580000,0x0000000799680000)
  from space 5120K, 99% used [0x0000000799b80000,0x000000079a07d200,0x000000079a080000)
  to   space 5120K, 0% used [0x0000000799680000,0x0000000799680000,0x0000000799b80000)
 ParOldGen       total 87552K, used 5454K [0x0000000740000000, 0x0000000745580000, 0x0000000795580000)
  object space 87552K, 6% used [0x0000000740000000,0x00000007405538c8,0x0000000745580000)
 Metaspace       used 20698K, capacity 21158K, committed 21248K, reserved 1067008K
  class space    used 2640K, capacity 2790K, committed 2816K, reserved 1048576K
Event: 2.794 GC heap after
Heap after GC invocations=5 (full 1):
 PSYoungGen      total 71680K, used 0K [0x0000000795580000, 0x000000079a080000, 0x00000007c0000000)
  eden space 66560K, 0% used [0x0000000795580000,0x0000000795580000,0x0000000799680000)
  from space 5120K, 0% used [0x0000000799b80000,0x0000000799b80000,0x000000079a080000)
  to   space 5120K, 0% used [0x0000000799680000,0x0000000799680000,0x0000000799b80000)
 ParOldGen       total 54272K, used 5528K [0x0000000740000000, 0x0000000743500000, 0x0000000795580000)
  object space 54272K, 10% used [0x0000000740000000,0x00000007405660f0,0x0000000743500000)
 Metaspace       used 20696K, capacity 21152K, committed 21248K, reserved 1067008K
  class space    used 2639K, capacity 2789K, committed 2816K, reserved 1048576K
}
Event: 4.529 GC heap before
{Heap before GC invocations=6 (full 1):
 PSYoungGen      total 71680K, used 66560K [0x0000000795580000, 0x000000079a080000, 0x00000007c0000000)
  eden space 66560K, 100% used [0x0000000795580000,0x0000000799680000,0x0000000799680000)
  from space 5120K, 0% used [0x0000000799b80000,0x0000000799b80000,0x000000079a080000)
  to   space 5120K, 0% used [0x0000000799680000,0x0000000799680000,0x0000000799b80000)
 ParOldGen       total 54272K, used 5528K [0x0000000740000000, 0x0000000743500000, 0x0000000795580000)
  object space 54272K, 10% used [0x0000000740000000,0x00000007405660f0,0x0000000743500000)
 Metaspace       used 27956K, capacity 28856K, committed 29184K, reserved 1075200K
  class space    used 3562K, capacity 3771K, committed 3840K, reserved 1048576K
Event: 4.547 GC heap after
Heap after GC invocations=6 (full 1):
 PSYoungGen      total 71680K, used 5115K [0x0000000795580000, 0x000000079d280000, 0x00000007c0000000)
  eden space 66560K, 0% used [0x0000000795580000,0x0000000795580000,0x0000000799680000)
  from space 5120K, 99% used [0x0000000799680000,0x0000000799b7efc8,0x0000000799b80000)
  to   space 10240K, 0% used [0x000000079c880000,0x000000079c880000,0x000000079d280000)
 ParOldGen       total 54272K, used 9467K [0x0000000740000000, 0x0000000743500000, 0x0000000795580000)
  object space 54272K, 17% used [0x0000000740000000,0x000000074093efb0,0x0000000743500000)
 Metaspace       used 27956K, capacity 28856K, committed 29184K, reserved 1075200K
  class space    used 3562K, capacity 3771K, committed 3840K, reserved 1048576K
}
Event: 5.679 GC heap before
{Heap before GC invocations=7 (full 1):
 PSYoungGen      total 71680K, used 49207K [0x0000000795580000, 0x000000079d280000, 0x00000007c0000000)
  eden space 66560K, 66% used [0x0000000795580000,0x000000079808ef20,0x0000000799680000)
  from space 5120K, 99% used [0x0000000799680000,0x0000000799b7efc8,0x0000000799b80000)
  to   space 10240K, 0% used [0x000000079c880000,0x000000079c880000,0x000000079d280000)
 ParOldGen       total 54272K, used 9467K [0x0000000740000000, 0x0000000743500000, 0x0000000795580000)
  object space 54272K, 17% used [0x0000000740000000,0x000000074093efb0,0x0000000743500000)
 Metaspace       used 33946K, capacity 35314K, committed 35416K, reserved 1081344K
  class space    used 4295K, capacity 4562K, committed 4608K, reserved 1048576K
Event: 5.697 GC heap after
Heap after GC invocations=7 (full 1):
 PSYoungGen      total 114176K, used 10238K [0x0000000795580000, 0x000000079d880000, 0x00000007c0000000)
  eden space 103936K, 0% used [0x0000000795580000,0x0000000795580000,0x000000079bb00000)
  from space 10240K, 99% used [0x000000079c880000,0x000000079d27f950,0x000000079d280000)
  to   space 13824K, 0% used [0x000000079bb00000,0x000000079bb00000,0x000000079c880000)
 ParOldGen       total 54272K, used 13259K [0x0000000740000000, 0x0000000743500000, 0x0000000795580000)
  object space 54272K, 24% used [0x0000000740000000,0x0000000740cf2e88,0x0000000743500000)
 Metaspace       used 33946K, capacity 35314K, committed 35416K, reserved 1081344K
  class space    used 4295K, capacity 4562K, committed 4608K, reserved 1048576K
}
Event: 5.698 GC heap before
{Heap before GC invocations=8 (full 2):
 PSYoungGen      total 114176K, used 10238K [0x0000000795580000, 0x000000079d880000, 0x00000007c0000000)
  eden space 103936K, 0% used [0x0000000795580000,0x0000000795580000,0x000000079bb00000)
  from space 10240K, 99% used [0x000000079c880000,0x000000079d27f950,0x000000079d280000)
  to   space 13824K, 0% used [0x000000079bb00000,0x000000079bb00000,0x000000079c880000)
 ParOldGen       total 54272K, used 13259K [0x0000000740000000, 0x0000000743500000, 0x0000000795580000)
  object space 54272K, 24% used [0x0000000740000000,0x0000000740cf2e88,0x0000000743500000)
 Metaspace       used 33946K, capacity 35314K, committed 35416K, reserved 1081344K
  class space    used 4295K, capacity 4562K, committed 4608K, reserved 1048576K
Event: 5.788 GC heap after
Heap after GC invocations=8 (full 2):
 PSYoungGen      total 114176K, used 0K [0x0000000795580000, 0x000000079d880000, 0x00000007c0000000)
  eden space 103936K, 0% used [0x0000000795580000,0x0000000795580000,0x000000079bb00000)
  from space 10240K, 0% used [0x000000079c880000,0x000000079c880000,0x000000079d280000)
  to   space 13824K, 0% used [0x000000079bb00000,0x000000079bb00000,0x000000079c880000)
 ParOldGen       total 91648K, used 17797K [0x0000000740000000, 0x0000000745980000, 0x0000000795580000)
  object space 91648K, 19% used [0x0000000740000000,0x0000000741161480,0x0000000745980000)
 Metaspace       used 33946K, capacity 35314K, committed 35416K, reserved 1081344K
  class space    used 4295K, capacity 4562K, committed 4608K, reserved 1048576K
}

Deoptimization events (10 events):
Event: 47.451 Thread 0x00007fe61c4d1000 Uncommon trap: reason=unhandled action=none pc=0x0000000110864e00 method=java.net.URLClassLoader.findClass(Ljava/lang/String;)Ljava/lang/Class; @ 44
Event: 47.451 Thread 0x00007fe61c4d1000 Uncommon trap: reason=unhandled action=none pc=0x00000001106c691c method=java.net.URLClassLoader.findClass(Ljava/lang/String;)Ljava/lang/Class; @ 44
Event: 47.451 Thread 0x00007fe61c4d1000 Uncommon trap: reason=unhandled action=none pc=0x0000000110864e00 method=java.net.URLClassLoader.findClass(Ljava/lang/String;)Ljava/lang/Class; @ 44
Event: 47.451 Thread 0x00007fe61c4d1000 Uncommon trap: reason=unhandled action=none pc=0x00000001106c691c method=java.net.URLClassLoader.findClass(Ljava/lang/String;)Ljava/lang/Class; @ 44
Event: 47.451 Thread 0x00007fe61c4d1000 Uncommon trap: reason=unhandled action=none pc=0x0000000110864e00 method=java.net.URLClassLoader.findClass(Ljava/lang/String;)Ljava/lang/Class; @ 44
Event: 47.452 Thread 0x00007fe61c4d1000 Uncommon trap: reason=unhandled action=none pc=0x0000000110864e00 method=java.net.URLClassLoader.findClass(Ljava/lang/String;)Ljava/lang/Class; @ 44
Event: 47.452 Thread 0x00007fe61c4d1000 Uncommon trap: reason=unhandled action=none pc=0x0000000110864e00 method=java.net.URLClassLoader.findClass(Ljava/lang/String;)Ljava/lang/Class; @ 44
Event: 83.570 Thread 0x00007fe61c9ce000 Uncommon trap: reason=unhandled action=none pc=0x0000000110864e00 method=java.net.URLClassLoader.findClass(Ljava/lang/String;)Ljava/lang/Class; @ 44
Event: 83.571 Thread 0x00007fe61c9ce000 Uncommon trap: reason=unhandled action=none pc=0x0000000110864e00 method=java.net.URLClassLoader.findClass(Ljava/lang/String;)Ljava/lang/Class; @ 44
Event: 83.571 Thread 0x00007fe61c9ce000 Uncommon trap: reason=unhandled action=none pc=0x0000000110864e00 method=java.net.URLClassLoader.findClass(Ljava/lang/String;)Ljava/lang/Class; @ 44

Internal exceptions (10 events):
Event: 7.030 Thread 0x00007fe618810000 Exception <a 'java/lang/ArrayIndexOutOfBoundsException': 40> (0x0000000799084d68) thrown at [/HUDSON3/workspace/8-2-build-macosx-x86_64/jdk8u73/6086/hotspot/src/share/vm/interpreter/interpreterRuntime.cpp, line 366]
Event: 7.030 Thread 0x00007fe618810000 Exception <a 'java/lang/ArrayIndexOutOfBoundsException': 63> (0x00000007990865b8) thrown at [/HUDSON3/workspace/8-2-build-macosx-x86_64/jdk8u73/6086/hotspot/src/share/vm/interpreter/interpreterRuntime.cpp, line 366]
Event: 7.072 Thread 0x00007fe618810000 Exception <a 'java/lang/ArrayIndexOutOfBoundsException': 97> (0x00000007991defb0) thrown at [/HUDSON3/workspace/8-2-build-macosx-x86_64/jdk8u73/6086/hotspot/src/share/vm/interpreter/interpreterRuntime.cpp, line 366]
Event: 7.077 Thread 0x00007fe618810000 Exception <a 'java/lang/ArrayIndexOutOfBoundsException': 137> (0x0000000799203778) thrown at [/HUDSON3/workspace/8-2-build-macosx-x86_64/jdk8u73/6086/hotspot/src/share/vm/interpreter/interpreterRuntime.cpp, line 366]
Event: 7.244 Thread 0x00007fe618810000 Exception <a 'java/lang/ArrayIndexOutOfBoundsException': 83> (0x00000007998be418) thrown at [/HUDSON3/workspace/8-2-build-macosx-x86_64/jdk8u73/6086/hotspot/src/share/vm/interpreter/interpreterRuntime.cpp, line 366]
Event: 7.248 Thread 0x00007fe618810000 Exception <a 'java/lang/ArrayIndexOutOfBoundsException': 185> (0x0000000799911c20) thrown at [/HUDSON3/workspace/8-2-build-macosx-x86_64/jdk8u73/6086/hotspot/src/share/vm/interpreter/interpreterRuntime.cpp, line 366]
Event: 7.253 Thread 0x00007fe618810000 Exception <a 'java/lang/ArrayIndexOutOfBoundsException': 234> (0x000000079993ec58) thrown at [/HUDSON3/workspace/8-2-build-macosx-x86_64/jdk8u73/6086/hotspot/src/share/vm/interpreter/interpreterRuntime.cpp, line 366]
Event: 45.619 Thread 0x00007fe61d33d000 Exception <a 'java/lang/NoSuchMethodError': java.lang.Object.lambda$thenComparing$36697e65$1(Ljava/util/Comparator;Ljava/lang/Object;Ljava/lang/Object;)I> (0x000000079a681d28) thrown at [/HUDSON3/workspace/8-2-build-macosx-x86_64/jdk8u73/6086/hotspot/src/
Event: 45.770 Thread 0x00007fe61d33d000 Exception <a 'java/lang/reflect/InvocationTargetException'> (0x000000079abaca58) thrown at [/HUDSON3/workspace/8-2-build-macosx-x86_64/jdk8u73/6086/hotspot/src/share/vm/runtime/reflection.cpp, line 1092]
Event: 91.100 Thread 0x00007fe61c9ce000 Exception <a 'java/lang/reflect/InvocationTargetException'> (0x000000079b0c3f30) thrown at [/HUDSON3/workspace/8-2-build-macosx-x86_64/jdk8u73/6086/hotspot/src/share/vm/runtime/reflection.cpp, line 1092]

Events (10 events):
Event: 91.122 Thread 0x00007fe61803e000 flushing nmethod 0x0000000110d56150
Event: 91.123 Thread 0x00007fe61803e000 flushing nmethod 0x0000000110dcea10
Event: 91.178 Thread 0x00007fe61803e000 flushing nmethod 0x0000000110e8d510
Event: 91.178 Thread 0x00007fe61803e000 flushing nmethod 0x0000000110e8f3d0
Event: 91.179 Thread 0x00007fe61803e000 flushing nmethod 0x0000000110f233d0
Event: 91.179 Thread 0x00007fe61803e000 flushing nmethod 0x0000000110f27050
Event: 152.810 Executing VM operation: RevokeBias
Event: 152.810 Executing VM operation: RevokeBias done
Event: 213.384 Executing VM operation: RedefineClasses
Event: 213.447 Executing VM operation: RedefineClasses done


Dynamic libraries:
0x0000000018a19000 	/System/Library/Frameworks/Cocoa.framework/Versions/A/Cocoa
0x0000000018a19000 	/System/Library/Frameworks/Security.framework/Versions/A/Security
0x0000000018a19000 	/System/Library/Frameworks/ApplicationServices.framework/Versions/A/ApplicationServices
0x0000000018a19000 	/usr/lib/libz.1.dylib
0x0000000018a19000 	/usr/lib/libSystem.B.dylib
0x0000000018a19000 	/usr/lib/libobjc.A.dylib
0x0000000018a19000 	/System/Library/Frameworks/CoreFoundation.framework/Versions/A/CoreFoundation
0x0000000018a19000 	/System/Library/Frameworks/Foundation.framework/Versions/C/Foundation
0x0000000018a19000 	/System/Library/Frameworks/AppKit.framework/Versions/C/AppKit
0x0000000018a19000 	/System/Library/Frameworks/CoreData.framework/Versions/A/CoreData
0x0000000018a19000 	/System/Library/PrivateFrameworks/RemoteViewServices.framework/Versions/A/RemoteViewServices
0x0000000018a19000 	/System/Library/PrivateFrameworks/UIFoundation.framework/Versions/A/UIFoundation
0x0000000018a19000 	/System/Library/PrivateFrameworks/XCTTargetBootstrap.framework/Versions/A/XCTTargetBootstrap
0x0000000018a19000 	/System/Library/PrivateFrameworks/IconServices.framework/Versions/A/IconServices
0x0000000018a19000 	/System/Library/Frameworks/Metal.framework/Versions/A/Metal
0x0000000018a19000 	/System/Library/PrivateFrameworks/DesktopServicesPriv.framework/Versions/A/DesktopServicesPriv
0x0000000018a19000 	/usr/lib/libenergytrace.dylib
0x0000000018a19000 	/System/Library/PrivateFrameworks/SkyLight.framework/Versions/A/SkyLight
0x0000000018a19000 	/System/Library/Frameworks/CoreGraphics.framework/Versions/A/CoreGraphics
0x0000000018a19000 	/System/Library/Frameworks/Accelerate.framework/Versions/A/Accelerate
0x0000000018a19000 	/System/Library/Frameworks/IOSurface.framework/Versions/A/IOSurface
0x0000000018a19000 	/System/Library/PrivateFrameworks/DFRFoundation.framework/Versions/A/DFRFoundation
0x0000000018a19000 	/System/Library/Frameworks/AudioToolbox.framework/Versions/A/AudioToolbox
0x0000000018a19000 	/System/Library/Frameworks/AudioUnit.framework/Versions/A/AudioUnit
0x0000000018a19000 	/System/Library/PrivateFrameworks/DataDetectorsCore.framework/Versions/A/DataDetectorsCore
0x0000000018a19000 	/System/Library/Frameworks/Carbon.framework/Versions/A/Frameworks/HIToolbox.framework/Versions/A/HIToolbox
0x0000000018a19000 	/usr/lib/libicucore.A.dylib
0x0000000018a19000 	/System/Library/Frameworks/QuartzCore.framework/Versions/A/QuartzCore
0x0000000018a19000 	/System/Library/Frameworks/Carbon.framework/Versions/A/Frameworks/SpeechRecognition.framework/Versions/A/SpeechRecognition
0x0000000018a19000 	/usr/lib/libauto.dylib
0x0000000018a19000 	/usr/lib/libxml2.2.dylib
0x0000000018a19000 	/System/Library/PrivateFrameworks/CoreUI.framework/Versions/A/CoreUI
0x0000000018a19000 	/System/Library/Frameworks/CoreAudio.framework/Versions/A/CoreAudio
0x0000000018a19000 	/System/Library/Frameworks/DiskArbitration.framework/Versions/A/DiskArbitration
0x0000000018a19000 	/usr/lib/liblangid.dylib
0x0000000018a19000 	/System/Library/PrivateFrameworks/MultitouchSupport.framework/Versions/A/MultitouchSupport
0x0000000018a19000 	/System/Library/Frameworks/IOKit.framework/Versions/A/IOKit
0x0000000018a19000 	/usr/lib/libDiagnosticMessagesClient.dylib
0x0000000018a19000 	/System/Library/Frameworks/CoreServices.framework/Versions/A/CoreServices
0x0000000018a19000 	/System/Library/PrivateFrameworks/PerformanceAnalysis.framework/Versions/A/PerformanceAnalysis
0x0000000018a19000 	/System/Library/Frameworks/OpenGL.framework/Versions/A/OpenGL
0x0000000018a19000 	/System/Library/Frameworks/ColorSync.framework/Versions/A/ColorSync
0x0000000018a19000 	/System/Library/Frameworks/CoreImage.framework/Versions/A/CoreImage
0x0000000018a19000 	/System/Library/Frameworks/CoreText.framework/Versions/A/CoreText
0x0000000018a19000 	/System/Library/Frameworks/ImageIO.framework/Versions/A/ImageIO
0x0000000018a19000 	/System/Library/PrivateFrameworks/Backup.framework/Versions/A/Backup
0x0000000018a19000 	/usr/lib/libarchive.2.dylib
0x0000000018a19000 	/System/Library/Frameworks/CFNetwork.framework/Versions/A/CFNetwork
0x0000000018a19000 	/System/Library/Frameworks/SystemConfiguration.framework/Versions/A/SystemConfiguration
0x0000000018a19000 	/usr/lib/libCRFSuite.dylib
0x0000000018a19000 	/usr/lib/libc++.1.dylib
0x0000000018a19000 	/usr/lib/libc++abi.dylib
0x0000000018a19000 	/usr/lib/system/libcache.dylib
0x0000000018a19000 	/usr/lib/system/libcommonCrypto.dylib
0x0000000018a19000 	/usr/lib/system/libcompiler_rt.dylib
0x0000000018a19000 	/usr/lib/system/libcopyfile.dylib
0x0000000018a19000 	/usr/lib/system/libcorecrypto.dylib
0x0000000018a19000 	/usr/lib/system/libdispatch.dylib
0x0000000018a19000 	/usr/lib/system/libdyld.dylib
0x0000000018a19000 	/usr/lib/system/libkeymgr.dylib
0x0000000018a19000 	/usr/lib/system/liblaunch.dylib
0x0000000018a19000 	/usr/lib/system/libmacho.dylib
0x0000000018a19000 	/usr/lib/system/libquarantine.dylib
0x0000000018a19000 	/usr/lib/system/libremovefile.dylib
0x0000000018a19000 	/usr/lib/system/libsystem_asl.dylib
0x0000000018a19000 	/usr/lib/system/libsystem_blocks.dylib
0x0000000018a19000 	/usr/lib/system/libsystem_c.dylib
0x0000000018a19000 	/usr/lib/system/libsystem_configuration.dylib
0x0000000018a19000 	/usr/lib/system/libsystem_coreservices.dylib
0x0000000018a19000 	/usr/lib/system/libsystem_darwin.dylib
0x0000000018a19000 	/usr/lib/system/libsystem_dnssd.dylib
0x0000000018a19000 	/usr/lib/system/libsystem_info.dylib
0x0000000018a19000 	/usr/lib/system/libsystem_m.dylib
0x0000000018a19000 	/usr/lib/system/libsystem_malloc.dylib
0x0000000018a19000 	/usr/lib/system/libsystem_networkextension.dylib
0x0000000018a19000 	/usr/lib/system/libsystem_notify.dylib
0x0000000018a19000 	/usr/lib/system/libsystem_sandbox.dylib
0x0000000018a19000 	/usr/lib/system/libsystem_secinit.dylib
0x0000000018a19000 	/usr/lib/system/libsystem_kernel.dylib
0x0000000018a19000 	/usr/lib/system/libsystem_platform.dylib
0x0000000018a19000 	/usr/lib/system/libsystem_pthread.dylib
0x0000000018a19000 	/usr/lib/system/libsystem_symptoms.dylib
0x0000000018a19000 	/usr/lib/system/libsystem_trace.dylib
0x0000000018a19000 	/usr/lib/system/libunwind.dylib
0x0000000018a19000 	/usr/lib/system/libxpc.dylib
0x0000000018a19000 	/usr/lib/libbsm.0.dylib
0x0000000018a19000 	/usr/lib/system/libkxld.dylib
0x0000000018a19000 	/System/Library/PrivateFrameworks/AppleFSCompression.framework/Versions/A/AppleFSCompression
0x0000000018a19000 	/usr/lib/libOpenScriptingUtil.dylib
0x0000000018a19000 	/usr/lib/libcoretls.dylib
0x0000000018a19000 	/usr/lib/libcoretls_cfhelpers.dylib
0x0000000018a19000 	/usr/lib/libpam.2.dylib
0x0000000018a19000 	/usr/lib/libsqlite3.dylib
0x0000000018a19000 	/usr/lib/libxar.1.dylib
0x0000000018a19000 	/usr/lib/libbz2.1.0.dylib
0x0000000018a19000 	/usr/lib/liblzma.5.dylib
0x0000000018a19000 	/usr/lib/libnetwork.dylib
0x0000000018a19000 	/usr/lib/libapple_nghttp2.dylib
0x0000000018a19000 	/usr/lib/libpcap.A.dylib
0x0000000018a19000 	/System/Library/Frameworks/CoreServices.framework/Versions/A/Frameworks/FSEvents.framework/Versions/A/FSEvents
0x0000000018a19000 	/System/Library/Frameworks/CoreServices.framework/Versions/A/Frameworks/CarbonCore.framework/Versions/A/CarbonCore
0x0000000018a19000 	/System/Library/Frameworks/CoreServices.framework/Versions/A/Frameworks/Metadata.framework/Versions/A/Metadata
0x0000000018a19000 	/System/Library/Frameworks/CoreServices.framework/Versions/A/Frameworks/OSServices.framework/Versions/A/OSServices
0x0000000018a19000 	/System/Library/Frameworks/CoreServices.framework/Versions/A/Frameworks/SearchKit.framework/Versions/A/SearchKit
0x0000000018a19000 	/System/Library/Frameworks/CoreServices.framework/Versions/A/Frameworks/AE.framework/Versions/A/AE
0x0000000018a19000 	/System/Library/Frameworks/CoreServices.framework/Versions/A/Frameworks/LaunchServices.framework/Versions/A/LaunchServices
0x0000000018a19000 	/System/Library/Frameworks/CoreServices.framework/Versions/A/Frameworks/DictionaryServices.framework/Versions/A/DictionaryServices
0x0000000018a19000 	/System/Library/Frameworks/CoreServices.framework/Versions/A/Frameworks/SharedFileList.framework/Versions/A/SharedFileList
0x0000000018a19000 	/System/Library/Frameworks/NetFS.framework/Versions/A/NetFS
0x0000000018a19000 	/System/Library/PrivateFrameworks/NetAuth.framework/Versions/A/NetAuth
0x0000000018a19000 	/System/Library/PrivateFrameworks/login.framework/Versions/A/Frameworks/loginsupport.framework/Versions/A/loginsupport
0x0000000018a19000 	/System/Library/PrivateFrameworks/TCC.framework/Versions/A/TCC
0x0000000018a19000 	/System/Library/PrivateFrameworks/CoreNLP.framework/Versions/A/CoreNLP
0x0000000018a19000 	/System/Library/PrivateFrameworks/MetadataUtilities.framework/Versions/A/MetadataUtilities
0x0000000018a19000 	/usr/lib/libmecabra.dylib
0x0000000018a19000 	/System/Library/Frameworks/ApplicationServices.framework/Versions/A/Frameworks/ATS.framework/Versions/A/ATS
0x0000000018a19000 	/System/Library/Frameworks/ApplicationServices.framework/Versions/A/Frameworks/ColorSyncLegacy.framework/Versions/A/ColorSyncLegacy
0x0000000018a19000 	/System/Library/Frameworks/ApplicationServices.framework/Versions/A/Frameworks/HIServices.framework/Versions/A/HIServices
0x0000000018a19000 	/System/Library/Frameworks/ApplicationServices.framework/Versions/A/Frameworks/LangAnalysis.framework/Versions/A/LangAnalysis
0x0000000018a19000 	/System/Library/Frameworks/ApplicationServices.framework/Versions/A/Frameworks/PrintCore.framework/Versions/A/PrintCore
0x0000000018a19000 	/System/Library/Frameworks/ApplicationServices.framework/Versions/A/Frameworks/QD.framework/Versions/A/QD
0x0000000018a19000 	/System/Library/Frameworks/ApplicationServices.framework/Versions/A/Frameworks/SpeechSynthesis.framework/Versions/A/SpeechSynthesis
0x0000000018a19000 	/usr/lib/libcompression.dylib
0x0000000018a19000 	/System/Library/Frameworks/CoreDisplay.framework/Versions/A/CoreDisplay
0x0000000018a19000 	/System/Library/Frameworks/MetalPerformanceShaders.framework/Versions/A/MetalPerformanceShaders
0x0000000018a19000 	/System/Library/Frameworks/Accelerate.framework/Versions/A/Frameworks/vImage.framework/Versions/A/vImage
0x0000000018a19000 	/System/Library/Frameworks/Accelerate.framework/Versions/A/Frameworks/vecLib.framework/Versions/A/vecLib
0x0000000018a19000 	/System/Library/Frameworks/Accelerate.framework/Versions/A/Frameworks/vecLib.framework/Versions/A/libvMisc.dylib
0x0000000018a19000 	/System/Library/Frameworks/Accelerate.framework/Versions/A/Frameworks/vecLib.framework/Versions/A/libvDSP.dylib
0x0000000018a19000 	/System/Library/Frameworks/Accelerate.framework/Versions/A/Frameworks/vecLib.framework/Versions/A/libBLAS.dylib
0x0000000018a19000 	/System/Library/Frameworks/Accelerate.framework/Versions/A/Frameworks/vecLib.framework/Versions/A/libLAPACK.dylib
0x0000000018a19000 	/System/Library/Frameworks/Accelerate.framework/Versions/A/Frameworks/vecLib.framework/Versions/A/libLinearAlgebra.dylib
0x0000000018a19000 	/System/Library/Frameworks/Accelerate.framework/Versions/A/Frameworks/vecLib.framework/Versions/A/libSparseBLAS.dylib
0x0000000018a19000 	/System/Library/Frameworks/Accelerate.framework/Versions/A/Frameworks/vecLib.framework/Versions/A/libQuadrature.dylib
0x0000000018a19000 	/System/Library/Frameworks/Accelerate.framework/Versions/A/Frameworks/vecLib.framework/Versions/A/libBNNS.dylib
0x0000000018a19000 	/System/Library/Frameworks/Accelerate.framework/Versions/A/Frameworks/vecLib.framework/Versions/A/libSparse.dylib
0x0000000018a19000 	/System/Library/PrivateFrameworks/GPUWrangler.framework/Versions/A/GPUWrangler
0x0000000018a19000 	/System/Library/PrivateFrameworks/IOAccelerator.framework/Versions/A/IOAccelerator
0x0000000018a19000 	/System/Library/PrivateFrameworks/IOPresentment.framework/Versions/A/IOPresentment
0x0000000018a19000 	/System/Library/PrivateFrameworks/DSExternalDisplay.framework/Versions/A/DSExternalDisplay
0x0000000018a19000 	/System/Library/Frameworks/OpenGL.framework/Versions/A/Libraries/libCoreFSCache.dylib
0x0000000018a19000 	/System/Library/Frameworks/MetalPerformanceShaders.framework/Frameworks/MPSCore.framework/Versions/A/MPSCore
0x0000000018a19000 	/System/Library/Frameworks/MetalPerformanceShaders.framework/Frameworks/MPSImage.framework/Versions/A/MPSImage
0x0000000018a19000 	/System/Library/Frameworks/MetalPerformanceShaders.framework/Frameworks/MPSNeuralNetwork.framework/Versions/A/MPSNeuralNetwork
0x0000000018a19000 	/System/Library/Frameworks/MetalPerformanceShaders.framework/Frameworks/MPSMatrix.framework/Versions/A/MPSMatrix
0x0000000018a19000 	/System/Library/Frameworks/MetalPerformanceShaders.framework/Frameworks/MPSRayIntersector.framework/Versions/A/MPSRayIntersector
0x0000000018a19000 	/System/Library/PrivateFrameworks/MetalTools.framework/Versions/A/MetalTools
0x0000000018a19000 	/System/Library/PrivateFrameworks/AggregateDictionary.framework/Versions/A/AggregateDictionary
0x0000000018a19000 	/usr/lib/libMobileGestalt.dylib
0x0000000018a19000 	/System/Library/Frameworks/CoreVideo.framework/Versions/A/CoreVideo
0x0000000018a19000 	/System/Library/PrivateFrameworks/GraphVisualizer.framework/Versions/A/GraphVisualizer
0x0000000018a19000 	/System/Library/PrivateFrameworks/FaceCore.framework/Versions/A/FaceCore
0x0000000018a19000 	/System/Library/Frameworks/OpenCL.framework/Versions/A/OpenCL
0x0000000018a19000 	/usr/lib/libFosl_dynamic.dylib
0x0000000018a19000 	/System/Library/PrivateFrameworks/OTSVG.framework/Versions/A/OTSVG
0x0000000018a19000 	/System/Library/Frameworks/ApplicationServices.framework/Versions/A/Frameworks/ATS.framework/Versions/A/Resources/libFontParser.dylib
0x0000000018a19000 	/System/Library/Frameworks/ApplicationServices.framework/Versions/A/Frameworks/ATS.framework/Versions/A/Resources/libFontRegistry.dylib
0x0000000018a19000 	/System/Library/Frameworks/ImageIO.framework/Versions/A/Resources/libJPEG.dylib
0x0000000018a19000 	/System/Library/Frameworks/ImageIO.framework/Versions/A/Resources/libTIFF.dylib
0x0000000018a19000 	/System/Library/Frameworks/ImageIO.framework/Versions/A/Resources/libPng.dylib
0x0000000018a19000 	/System/Library/Frameworks/ImageIO.framework/Versions/A/Resources/libGIF.dylib
0x0000000018a19000 	/System/Library/Frameworks/ImageIO.framework/Versions/A/Resources/libJP2.dylib
0x0000000018a19000 	/System/Library/Frameworks/ImageIO.framework/Versions/A/Resources/libRadiance.dylib
0x0000000018a19000 	/System/Library/PrivateFrameworks/AppleJPEG.framework/Versions/A/AppleJPEG
0x0000000018a19000 	/System/Library/Frameworks/OpenGL.framework/Versions/A/Libraries/libGFXShared.dylib
0x0000000018a19000 	/System/Library/Frameworks/OpenGL.framework/Versions/A/Libraries/libGLU.dylib
0x0000000018a19000 	/System/Library/Frameworks/OpenGL.framework/Versions/A/Libraries/libGL.dylib
0x0000000018a19000 	/System/Library/Frameworks/OpenGL.framework/Versions/A/Libraries/libGLImage.dylib
0x0000000018a19000 	/System/Library/Frameworks/OpenGL.framework/Versions/A/Libraries/libCVMSPluginSupport.dylib
0x0000000018a19000 	/System/Library/Frameworks/OpenGL.framework/Versions/A/Libraries/libCoreVMClient.dylib
0x0000000018a19000 	/usr/lib/libcups.2.dylib
0x0000000018a19000 	/System/Library/Frameworks/Kerberos.framework/Versions/A/Kerberos
0x0000000018a19000 	/System/Library/Frameworks/GSS.framework/Versions/A/GSS
0x0000000018a19000 	/usr/lib/libresolv.9.dylib
0x0000000018a19000 	/usr/lib/libiconv.2.dylib
0x0000000018a19000 	/System/Library/PrivateFrameworks/Heimdal.framework/Versions/A/Heimdal
0x0000000018a19000 	/usr/lib/libheimdal-asn1.dylib
0x0000000018a19000 	/System/Library/Frameworks/OpenDirectory.framework/Versions/A/OpenDirectory
0x0000000018a19000 	/System/Library/PrivateFrameworks/CommonAuth.framework/Versions/A/CommonAuth
0x0000000018a19000 	/System/Library/Frameworks/OpenDirectory.framework/Versions/A/Frameworks/CFOpenDirectory.framework/Versions/A/CFOpenDirectory
0x0000000018a19000 	/System/Library/Frameworks/SecurityFoundation.framework/Versions/A/SecurityFoundation
0x0000000018a19000 	/System/Library/PrivateFrameworks/APFS.framework/Versions/A/APFS
0x0000000018a19000 	/usr/lib/libutil.dylib
0x0000000018a19000 	/usr/lib/libcharset.1.dylib
0x0000000018a19000 	/System/Library/PrivateFrameworks/AppleSauce.framework/Versions/A/AppleSauce
0x0000000018a19000 	/System/Library/PrivateFrameworks/AssertionServices.framework/Versions/A/AssertionServices
0x0000000018a19000 	/System/Library/PrivateFrameworks/BaseBoard.framework/Versions/A/BaseBoard
0x0000000018a19000 	/usr/lib/libmecab.1.0.0.dylib
0x0000000018a19000 	/usr/lib/libgermantok.dylib
0x0000000018a19000 	/usr/lib/libThaiTokenizer.dylib
0x0000000018a19000 	/usr/lib/libChineseTokenizer.dylib
0x0000000018a19000 	/System/Library/PrivateFrameworks/LanguageModeling.framework/Versions/A/LanguageModeling
0x0000000018a19000 	/System/Library/PrivateFrameworks/CoreEmoji.framework/Versions/A/CoreEmoji
0x0000000018a19000 	/System/Library/PrivateFrameworks/Lexicon.framework/Versions/A/Lexicon
0x0000000018a19000 	/System/Library/PrivateFrameworks/LinguisticData.framework/Versions/A/LinguisticData
0x0000000018a19000 	/usr/lib/libcmph.dylib
0x0000000018a19000 	/System/Library/Frameworks/ServiceManagement.framework/Versions/A/ServiceManagement
0x0000000018a19000 	/System/Library/PrivateFrameworks/BackgroundTaskManagement.framework/Versions/A/BackgroundTaskManagement
0x0000000018a19000 	/usr/lib/libxslt.1.dylib
0x0000000018a19000 	/System/Library/Frameworks/Carbon.framework/Versions/A/Frameworks/Ink.framework/Versions/A/Ink
0x0000000018a19000 	/System/Library/PrivateFrameworks/TextureIO.framework/Versions/A/TextureIO
0x0000000018a19000 	/usr/lib/libate.dylib
0x0000000018a19000 	/System/Library/PrivateFrameworks/CrashReporterSupport.framework/Versions/A/CrashReporterSupport
0x0000000018a19000 	/System/Library/PrivateFrameworks/Sharing.framework/Versions/A/Sharing
0x0000000018a19000 	/System/Library/PrivateFrameworks/AuthKit.framework/Versions/A/AuthKit
0x0000000018a19000 	/System/Library/PrivateFrameworks/Apple80211.framework/Versions/A/Apple80211
0x0000000018a19000 	/System/Library/PrivateFrameworks/CoreUtils.framework/Versions/A/CoreUtils
0x0000000018a19000 	/System/Library/Frameworks/CoreWLAN.framework/Versions/A/CoreWLAN
0x0000000018a19000 	/System/Library/Frameworks/IOBluetooth.framework/Versions/A/IOBluetooth
0x0000000018a19000 	/System/Library/PrivateFrameworks/ProtocolBuffer.framework/Versions/A/ProtocolBuffer
0x0000000018a19000 	/System/Library/PrivateFrameworks/MobileKeyBag.framework/Versions/A/MobileKeyBag
0x0000000018a19000 	/System/Library/PrivateFrameworks/CorePhoneNumbers.framework/Versions/A/CorePhoneNumbers
0x0000000018a19000 	/System/Library/PrivateFrameworks/AppleIDAuthSupport.framework/Versions/A/AppleIDAuthSupport
0x0000000018a19000 	/System/Library/PrivateFrameworks/KeychainCircle.framework/Versions/A/KeychainCircle
0x0000000018a19000 	/System/Library/PrivateFrameworks/ROCKit.framework/Versions/A/ROCKit
0x0000000018a19000 	/System/Library/PrivateFrameworks/CoreWiFi.framework/Versions/A/CoreWiFi
0x0000000018a19000 	/System/Library/Frameworks/CoreBluetooth.framework/Versions/A/CoreBluetooth
0x0000000018a19000 	/System/Library/PrivateFrameworks/DebugSymbols.framework/Versions/A/DebugSymbols
0x0000000018a19000 	/System/Library/PrivateFrameworks/CoreSymbolication.framework/Versions/A/CoreSymbolication
0x0000000018a19000 	/System/Library/PrivateFrameworks/Symbolication.framework/Versions/A/Symbolication
0x0000000018a19000 	/System/Library/PrivateFrameworks/SpeechRecognitionCore.framework/Versions/A/SpeechRecognitionCore
0x000000010b200000 	/Library/Java/JavaVirtualMachines/jdk1.8.0_73.jdk/Contents/Home/jre/lib/server/libjvm.dylib
0x0000000018a19000 	/usr/lib/libstdc++.6.dylib
0x000000010a84f000 	/Library/Java/JavaVirtualMachines/jdk1.8.0_73.jdk/Contents/Home/jre/lib/libverify.dylib
0x000000010a85d000 	/Library/Java/JavaVirtualMachines/jdk1.8.0_73.jdk/Contents/Home/jre/lib/libjava.dylib
0x000000010a893000 	/Library/Java/JavaVirtualMachines/jdk1.8.0_73.jdk/Contents/Home/jre/lib/libjdwp.dylib
0x000000010a8de000 	/Library/Java/JavaVirtualMachines/jdk1.8.0_73.jdk/Contents/Home/jre/lib/libnpt.dylib
0x000000010a92b000 	/Library/Java/JavaVirtualMachines/jdk1.8.0_73.jdk/Contents/Home/jre/lib/libzip.dylib
0x0000000018a19000 	/System/Library/Frameworks/JavaVM.framework/Versions/A/Frameworks/JavaRuntimeSupport.framework/Versions/A/JavaRuntimeSupport
0x0000000018a19000 	/System/Library/Frameworks/JavaVM.framework/Versions/A/Frameworks/JavaNativeFoundation.framework/Versions/A/JavaNativeFoundation
0x0000000018a19000 	/System/Library/Frameworks/JavaVM.framework/Versions/A/JavaVM
0x0000000018a19000 	/System/Library/Frameworks/Carbon.framework/Versions/A/Carbon
0x0000000018a19000 	/System/Library/PrivateFrameworks/JavaLaunching.framework/Versions/A/JavaLaunching
0x0000000018a19000 	/System/Library/Frameworks/Carbon.framework/Versions/A/Frameworks/CommonPanels.framework/Versions/A/CommonPanels
0x0000000018a19000 	/System/Library/Frameworks/Carbon.framework/Versions/A/Frameworks/Help.framework/Versions/A/Help
0x0000000018a19000 	/System/Library/Frameworks/Carbon.framework/Versions/A/Frameworks/ImageCapture.framework/Versions/A/ImageCapture
0x0000000018a19000 	/System/Library/Frameworks/Carbon.framework/Versions/A/Frameworks/OpenScripting.framework/Versions/A/OpenScripting
0x0000000018a19000 	/System/Library/Frameworks/Carbon.framework/Versions/A/Frameworks/Print.framework/Versions/A/Print
0x0000000018a19000 	/System/Library/Frameworks/Carbon.framework/Versions/A/Frameworks/SecurityHI.framework/Versions/A/SecurityHI
0x000000010ea32000 	/Library/Java/JavaVirtualMachines/jdk1.8.0_73.jdk/Contents/Home/jre/lib/libdt_socket.dylib
0x000000010f194000 	/Library/Java/JavaVirtualMachines/jdk1.8.0_73.jdk/Contents/Home/jre/lib/libmanagement.dylib
0x000000010f1a2000 	/Library/Java/JavaVirtualMachines/jdk1.8.0_73.jdk/Contents/Home/jre/lib/libnet.dylib
0x000000010ec7a000 	/Library/Java/JavaVirtualMachines/jdk1.8.0_73.jdk/Contents/Home/jre/lib/libnio.dylib
0x000000010ed9d000 	/Library/Java/JavaVirtualMachines/jdk1.8.0_73.jdk/Contents/Home/jre/lib/libsunec.dylib

VM Arguments:
jvm_args: -agentlib:jdwp=transport=dt_socket,suspend=y,address=localhost:54288 -Dkey.secret=shouldFail_When_Key_Not_Provided_In_VM_Arguments -Dfile.encoding=UTF-8 
java_command: com.jp.authservice.AuthServiceApplication
java_class_path (initial): /Users/jpfms/git/auth-service-springboot/target/classes:/Users/jpfms/.m2/repository/org/springframework/boot/spring-boot-starter-data-mongodb/2.1.1.RELEASE/spring-boot-starter-data-mongodb-2.1.1.RELEASE.jar:/Users/jpfms/.m2/repository/org/springframework/boot/spring-boot-starter/2.1.1.RELEASE/spring-boot-starter-2.1.1.RELEASE.jar:/Users/jpfms/.m2/repository/org/springframework/boot/spring-boot/2.1.1.RELEASE/spring-boot-2.1.1.RELEASE.jar:/Users/jpfms/.m2/repository/org/springframework/boot/spring-boot-autoconfigure/2.1.1.RELEASE/spring-boot-autoconfigure-2.1.1.RELEASE.jar:/Users/jpfms/.m2/repository/org/springframework/boot/spring-boot-starter-logging/2.1.1.RELEASE/spring-boot-starter-logging-2.1.1.RELEASE.jar:/Users/jpfms/.m2/repository/ch/qos/logback/logback-classic/1.2.3/logback-classic-1.2.3.jar:/Users/jpfms/.m2/repository/ch/qos/logback/logback-core/1.2.3/logback-core-1.2.3.jar:/Users/jpfms/.m2/repository/org/apache/logging/log4j/log4j-to-slf4j/2.11.1/log4j-to-slf4j-2.11.1.jar:/Users/jpfms/.m2/repository/org/apache/logging/log4j/log4j-api/2.11.1/log4j-api-2.11.1.jar:/Users/jpfms/.m2/repository/org/slf4j/jul-to-slf4j/1.7.25/jul-to-slf4j-1.7.25.jar:/Users/jpfms/.m2/repository/javax/annotation/javax.annotation-api/1.3.2/javax.annotation-api-1.3.2.jar:/Users/jpfms/.m2/repository/org/yaml/snakeyaml/1.23/snakeyaml-1.23.jar:/Users/jpfms/.m2/repository/org/mongodb/mongodb-driver/3.8.2/mongodb-driver-3.8.2.jar:/Users/jpfms/.m2/repository/org/mongodb/bson/3.8.2/bson-3.8.2.jar:/Users/jpfms/.m2/repository/org/mongodb/mongodb-driver-core/3.8.2/mongodb-driver-core-3.8.2.jar:/Users/jpfms/.m2/repository/org/springframework/data/spring-data-mongodb/2.1.3.RELEASE/spring-data-mongodb-2.1.3.RELEASE.jar:/Users/jpfms/.m2/repository/org/springframework/spring-tx/5.1.3.RELEASE/spring-tx-5.1.3.RELEASE.jar:/Users/jpfms/.m2/repository/org/springframework/spring-context/5.1.3.RELEASE/spring-context-5.1.3.RELEASE.jar:/Users/jpfms/.m2/repository/org/springframewo
Launcher Type: SUN_STANDARD

Environment Variables:
PATH=/usr/bin:/bin:/usr/sbin:/sbin
SHELL=/bin/zsh

Signal Handlers:
SIGSEGV: [libjvm.dylib+0x5a71a5], sa_mask[0]=11111111011111110111111111111111, sa_flags=SA_ONSTACK|SA_RESTART|SA_SIGINFO
SIGBUS: [libjvm.dylib+0x5a71a5], sa_mask[0]=11111111011111110111111111111111, sa_flags=SA_RESTART|SA_SIGINFO
SIGFPE: [libjvm.dylib+0x480eb4], sa_mask[0]=11111111011111110111111111111111, sa_flags=SA_RESTART|SA_SIGINFO
SIGPIPE: [libjvm.dylib+0x480eb4], sa_mask[0]=11111111011111110111111111111111, sa_flags=SA_RESTART|SA_SIGINFO
SIGXFSZ: [libjvm.dylib+0x480eb4], sa_mask[0]=11111111011111110111111111111111, sa_flags=SA_RESTART|SA_SIGINFO
SIGILL: [libjvm.dylib+0x480eb4], sa_mask[0]=11111111011111110111111111111111, sa_flags=SA_RESTART|SA_SIGINFO
SIGUSR1: SIG_DFL, sa_mask[0]=00000000000000000000000000000000, sa_flags=none
SIGUSR2: [libjvm.dylib+0x4809d2], sa_mask[0]=00100000000000000000000000000000, sa_flags=SA_RESTART|SA_SIGINFO
SIGHUP: [libjvm.dylib+0x47efa9], sa_mask[0]=11111111011111110111111111111111, sa_flags=SA_RESTART|SA_SIGINFO
SIGINT: [libjvm.dylib+0x47efa9], sa_mask[0]=11111111011111110111111111111111, sa_flags=SA_RESTART|SA_SIGINFO
SIGTERM: [libjvm.dylib+0x47efa9], sa_mask[0]=11111111011111110111111111111111, sa_flags=SA_RESTART|SA_SIGINFO
SIGQUIT: [libjvm.dylib+0x47efa9], sa_mask[0]=11111111011111110111111111111111, sa_flags=SA_RESTART|SA_SIGINFO


---------------  S Y S T E M  ---------------

OS:Bsduname:Darwin 18.2.0 Darwin Kernel Version 18.2.0: Mon Nov 12 20:24:46 PST 2018; root:xnu-4903.231.4~2/RELEASE_X86_64 x86_64
rlimit: STACK 8192k, CORE 0k, NPROC 709, NOFILE 10240, AS infinity
load average:2.14 2.19 2.19

CPU:total 4 (2 cores per cpu, 2 threads per core) family 6 model 58 stepping 9, cmov, cx8, fxsr, mmx, sse, sse2, sse3, ssse3, sse4.1, sse4.2, popcnt, avx, aes, clmul, erms, ht, tsc, tscinvbit, tscinv

Memory: 4k page, physical 8388608k(19648k free)

/proc/meminfo:


vm_info: Java HotSpot(TM) 64-Bit Server VM (25.73-b02) for bsd-amd64 JRE (1.8.0_73-b02), built on Jan 29 2016 15:02:00 by "java_re" with gcc 4.2.1 (Based on Apple Inc. build 5658) (LLVM build 2336.11.00)

time: Sun Jan 13 17:03:47 2019
elapsed time: 213 seconds (0d 0h 3m 33s)

